<?xml version="1.0" encoding="UTF-8"?>
<!-- Generated by org.testng.reporters.JUnitReportReporter -->
<testsuite hostname="LAPTOP-DFDTRN2Q" failures="0" tests="1" name="seleniumdemo.seleniumdemo.differentTestTypes" time="5.878" errors="0" timestamp="2022-04-15T15:10:35 IST" skipped="0">
  <testcase classname="seleniumdemo.seleniumdemo.differentTestTypes" name="googleTitleTest" time="5.878"/>
  <system-out/>
</testsuite> <!-- seleniumdemo.seleniumdemo.differentTestTypes -->
